\BOOKMARK [0][-]{chapter.1}{\376\377\000L\000u\000c\000t\000e\000r\000i\000o\000s\000\040\000S\000t\000a\000n\000d\000a\000r\000d}{}% 1
\BOOKMARK [1][-]{section.1.1}{\376\377\000P\000o\000u\000r\000\040\000l\000e\000s\000\040\000u\000t\000i\000l\000i\000s\000a\000t\000e\000u\000r\000s}{chapter.1}% 2
\BOOKMARK [1][-]{section.1.2}{\376\377\000P\000o\000u\000r\000\040\000l\000e\000s\000\040\000d\000e\000v\000e\000l\000o\000p\000p\000e\000u\000r\000s}{chapter.1}% 3
\BOOKMARK [0][-]{chapter.2}{\376\377\000L\000u\000c\000t\000e\000r\000i\000o\000s\000\040\000c\000o\000n\000t\000a\000c\000t\000s}{}% 4
\BOOKMARK [1][-]{section.2.1}{\376\377\000L\000e\000s\000\040\000c\000o\000n\000t\000a\000c\000t\000\040\000p\000h\000y\000s\000i\000q\000u\000e\000s\000\040\000\050\000p\000e\000r\000s\000o\000n\000n\000e\000s\000\040\000p\000h\000y\000s\000i\000q\000u\000e\000s\000\051}{chapter.2}% 5
\BOOKMARK [2][-]{subsection.2.1.1}{\376\377\000L\000i\000s\000t\000e\000\040\000d\000e\000\040\000v\000o\000s\000\040\000c\000o\000n\000t\000a\000c\000t\000s\000\040\000p\000h\000y\000s\000i\000q\000u\000e\000s}{section.2.1}% 6
\BOOKMARK [2][-]{subsection.2.1.2}{\376\377\000V\000i\000s\000u\000a\000l\000i\000s\000a\000t\000i\000o\000n\000\040\000d\040\031\000u\000n\000\040\000c\000o\000n\000t\000a\000c\000t\000\040\000p\000h\000y\000s\000i\000q\000u\000e}{section.2.1}% 7
\BOOKMARK [2][-]{subsection.2.1.3}{\376\377\000A\000j\000o\000u\000t\000\040\000d\040\031\000u\000n\000\040\000c\000o\000n\000t\000a\000c\000t\000\040\000p\000h\000y\000s\000i\000q\000u\000e}{section.2.1}% 8
\BOOKMARK [2][-]{subsection.2.1.4}{\376\377\000R\000e\000c\000h\000e\000r\000c\000h\000e\000\040\000d\040\031\000u\000n\000\040\000c\000o\000n\000t\000a\000c\000t\000\040\000p\000h\000y\000s\000i\000q\000u\000e}{section.2.1}% 9
\BOOKMARK [1][-]{section.2.2}{\376\377\000L\000e\000s\000\040\000c\000o\000n\000t\000a\000c\000t\000s\000\040\000m\000o\000r\000a\000u\000x\000\040\000\050\000p\000e\000r\000s\000o\000n\000n\000e\000s\000\040\000m\000o\000r\000a\000l\000e\000s\000\051}{chapter.2}% 10
\BOOKMARK [2][-]{subsection.2.2.1}{\376\377\000L\000i\000s\000t\000e\000\040\000d\000e\000\040\000v\000o\000s\000\040\000c\000o\000n\000t\000a\000c\000t\000s\000\040\000m\000o\000r\000a\000u\000x}{section.2.2}% 11
\BOOKMARK [2][-]{subsection.2.2.2}{\376\377\000V\000i\000s\000u\000a\000l\000i\000s\000a\000t\000i\000o\000n\000\040\000d\040\031\000u\000n\000\040\000c\000o\000n\000t\000a\000c\000t\000\040\000m\000o\000r\000a\000l}{section.2.2}% 12
\BOOKMARK [2][-]{subsection.2.2.3}{\376\377\000M\000o\000d\000i\000f\000i\000e\000r\000\040\000u\000n\000\040\000c\000o\000n\000t\000a\000c\000t\000\040\000m\000o\000r\000a\000l}{section.2.2}% 13
\BOOKMARK [2][-]{subsection.2.2.4}{\376\377\000R\000e\000s\000p\000o\000n\000s\000a\000b\000l\000e\000s\000\040\000d\040\031\000u\000n\000\040\000c\000o\000n\000t\000a\000c\000t\000\040\000m\000o\000r\000a\000l}{section.2.2}% 14
\BOOKMARK [2][-]{subsection.2.2.5}{\376\377\000R\000e\000c\000h\000e\000r\000c\000h\000e\000\040\000d\040\031\000u\000n\000\040\000c\000o\000n\000t\000a\000c\000t\000\040\000m\000o\000r\000a\000l}{section.2.2}% 15
\BOOKMARK [1][-]{section.2.3}{\376\377\000L\000e\000s\000\040\000p\000o\000s\000s\000e\000s\000s\000i\000o\000n\000s}{chapter.2}% 16
\BOOKMARK [2][-]{subsection.2.3.1}{\376\377\000C\000o\000n\000f\000i\000g\000u\000r\000a\000t\000i\000o\000n}{section.2.3}% 17
\BOOKMARK [2][-]{subsection.2.3.2}{\376\377\000U\000t\000i\000l\000i\000s\000a\000t\000i\000o\000n}{section.2.3}% 18
\BOOKMARK [1][-]{section.2.4}{\376\377\000C\000o\000n\000f\000i\000g\000u\000r\000a\000t\000i\000o\000n\000\040\000e\000t\000\040\000p\000a\000r\000a\000m\000\351\000t\000r\000a\000g\000e}{chapter.2}% 19
\BOOKMARK [2][-]{subsection.2.4.1}{\376\377\000C\000o\000n\000f\000i\000g\000u\000r\000a\000t\000i\000o\000n\000\040\000d\000e\000s\000\040\000c\000o\000n\000t\000a\000c\000t\000s}{section.2.4}% 20
\BOOKMARK [2][-]{subsection.2.4.2}{\376\377\000C\000o\000d\000e\000s\000\040\000p\000o\000s\000t\000a\000u\000x\000/\000v\000i\000l\000l\000e\000s}{section.2.4}% 21
\BOOKMARK [2][-]{subsection.2.4.3}{\376\377\000I\000m\000p\000o\000r\000t\000\040\000d\000e\000\040\000c\000o\000n\000t\000a\000c\000t\000s}{section.2.4}% 22
\BOOKMARK [0][-]{chapter.3}{\376\377\000L\000u\000c\000t\000e\000r\000i\000o\000s\000\040\000m\000e\000s\000s\000a\000g\000e\000r\000i\000e}{}% 23
\BOOKMARK [1][-]{section.3.1}{\376\377\000P\000u\000b\000l\000i\000p\000o\000s\000t\000a\000g\000e}{chapter.3}% 24
\BOOKMARK [2][-]{subsection.3.1.1}{\376\377\000C\000r\000\351\000a\000t\000i\000o\000n\000\040\000d\040\031\000u\000n\000\040\000m\000e\000s\000s\000a\000g\000e}{section.3.1}% 25
\BOOKMARK [2][-]{subsection.3.1.2}{\376\377\000V\000a\000l\000i\000d\000a\000t\000i\000o\000n\000\040\000\046\000\040\000t\000r\000a\000n\000s\000m\000i\000s\000s\000i\000o\000n}{section.3.1}% 26
\BOOKMARK [1][-]{section.3.2}{\376\377\000E\000n\000v\000o\000i\000\040\000d\000e\000\040\000S\000M\000S}{chapter.3}% 27
\BOOKMARK [2][-]{subsection.3.2.1}{\376\377\000C\000r\000\351\000a\000t\000i\000o\000n\000\040\000d\040\031\000u\000n\000\040\000m\000e\000s\000s\000a\000g\000e}{section.3.2}% 28
\BOOKMARK [2][-]{subsection.3.2.2}{\376\377\000V\000a\000l\000i\000d\000a\000t\000i\000o\000n\000\040\000\046\000\040\000t\000r\000a\000n\000s\000m\000i\000s\000s\000i\000o\000n}{section.3.2}% 29
\BOOKMARK [1][-]{section.3.3}{\376\377\000C\000o\000n\000f\000i\000g\000u\000r\000a\000t\000i\000o\000n\000\040\000d\000e\000\040\000l\000a\000\040\000m\000e\000s\000s\000a\000g\000e\000r\000i\000e}{chapter.3}% 30
\BOOKMARK [2][-]{subsection.3.3.1}{\376\377\000C\000o\000n\000f\000i\000g\000u\000r\000a\000t\000i\000o\000n\000\040\000d\000u\000\040\000c\000o\000u\000r\000i\000e\000l}{section.3.3}% 31
\BOOKMARK [2][-]{subsection.3.3.2}{\376\377\000C\000o\000n\000f\000i\000g\000u\000r\000a\000t\000i\000o\000n\000\040\000d\000u\000\040\000S\000M\000S}{section.3.3}% 32
\BOOKMARK [3][-]{subsubsection.3.3.2.1}{\376\377\000M\000a\000i\000l\000j\000e\000t\000\040\000S\000M\000S}{subsection.3.3.2}% 33
\BOOKMARK [0][-]{chapter.4}{\376\377\000L\000u\000c\000t\000e\000r\000i\000o\000s\000\040\000d\000o\000c\000u\000m\000e\000n\000t\000s}{}% 34
\BOOKMARK [1][-]{section.4.1}{\376\377\000G\000e\000s\000t\000i\000o\000n\000\040\000d\000e\000\040\000f\000i\000c\000h\000i\000e\000r\000s}{chapter.4}% 35
\BOOKMARK [2][-]{subsection.4.1.1}{\376\377\000L\000i\000s\000t\000e\000\040\000d\000e\000s\000\040\000d\000o\000c\000u\000m\000e\000n\000t\000s}{section.4.1}% 36
\BOOKMARK [2][-]{subsection.4.1.2}{\376\377\000R\000e\000c\000h\000e\000r\000c\000h\000e\000\040\000d\000e\000\040\000d\000o\000c\000u\000m\000e\000n\000t\000s}{section.4.1}% 37
\BOOKMARK [1][-]{section.4.2}{\376\377\000E\000d\000i\000t\000e\000u\000r\000\040\000d\000e\000\040\000d\000o\000c\000u\000m\000e\000n\000t\000s}{chapter.4}% 38
\BOOKMARK [2][-]{subsection.4.2.1}{\376\377\000E\000t\000h\000e\000r\000p\000a\000d}{section.4.2}% 39
\BOOKMARK [2][-]{subsection.4.2.2}{\376\377\000E\000t\000h\000e\000r\000c\000a\000l\000c}{section.4.2}% 40
\BOOKMARK [2][-]{subsection.4.2.3}{\376\377\000O\000n\000l\000y\000O\000f\000f\000i\000c\000e\000\040\000D\000o\000c\000s\000\040\000C\000o\000m\000m\000u\000n\000i\000t\000y\000\040\000E\000d\000i\000t\000i\000o\000n}{section.4.2}% 41
\BOOKMARK [1][-]{section.4.3}{\376\377\000C\000o\000n\000f\000i\000g\000u\000r\000e\000r\000\040\000l\000e\000s\000\040\000d\000o\000s\000s\000i\000e\000r\000s}{chapter.4}% 42
\BOOKMARK [0][-]{chapter.5}{\376\377\000C\000o\000e\000u\000r\000\040\000L\000u\000c\000t\000e\000r\000i\000o\000s}{}% 43
\BOOKMARK [1][-]{section.5.1}{\376\377\000M\000o\000t\000\040\000d\000e\000\040\000p\000a\000s\000s\000e}{chapter.5}% 44
\BOOKMARK [1][-]{section.5.2}{\376\377\000L\000e\000s\000\040\000g\000r\000o\000u\000p\000e\000s}{chapter.5}% 45
\BOOKMARK [1][-]{section.5.3}{\376\377\000L\000e\000s\000\040\000u\000t\000i\000l\000i\000s\000a\000t\000e\000u\000r\000s}{chapter.5}% 46
\BOOKMARK [1][-]{section.5.4}{\376\377\000L\040\031\000a\000r\000c\000h\000i\000t\000e\000c\000t\000u\000r\000e\000\040\000d\000u\000\040\000l\000o\000g\000i\000c\000i\000e\000l}{chapter.5}% 47
